<?xml version="1.0" encoding="UTF-8"?>
<!-- Generated by org.testng.reporters.JUnitReportReporter -->
<testsuite skipped="0" hostname="NATI-NP2" name="Lesson01.NewTest" tests="2" failures="0" timestamp="04 Mar 2019 18:25:26 GMT" time="0.020" errors="0">
  <testcase name="f" time="0.016" classname="Lesson01.NewTest"/>
  <testcase name="f" time="0.004" classname="Lesson01.NewTest"/>
</testsuite> <!-- Lesson01.NewTest -->
