<?xml version="1.0" encoding="UTF-8"?>
<!-- Generated by org.testng.reporters.JUnitReportReporter -->
<testsuite skipped="0" hostname="NATI-NP2" name="Lesson01.exe01" tests="1" failures="0" timestamp="04 Mar 2019 19:06:22 GMT" time="12.205" errors="0">
  <testcase name="test01" time="12.205" classname="Lesson01.exe01"/>
</testsuite> <!-- Lesson01.exe01 -->
