<?xml version="1.0" encoding="UTF-8"?>
<!-- Generated by org.testng.reporters.JUnitReportReporter -->
<testsuite skipped="0" hostname="NATI-NP2" name="Lesson01.Test01" tests="1" failures="0" timestamp="04 Mar 2019 18:34:34 GMT" time="8.114" errors="0">
  <testcase name="test1" time="8.114" classname="Lesson01.Test01"/>
</testsuite> <!-- Lesson01.Test01 -->
